2025-10-19 00:08:47 - User: Leanne Graham, Email: Sincere@april.biz
2025-10-19 00:08:47 - User: Ervin Howell, Email: Shanna@melissa.tv
2025-10-19 00:08:47 - User: Clementine Bauch, Email: Nathan@yesenia.net
2025-10-19 00:08:47 - User: Patricia Lebsack, Email: Julianne.OConner@kory.org
2025-10-19 00:08:47 - User: Chelsey Dietrich, Email: Lucio_Hettinger@annie.ca
2025-10-19 00:08:47 - User: Mrs. Dennis Schulist, Email: Karley_Dach@jasper.info
2025-10-19 00:08:47 - User: Kurtis Weissnat, Email: Telly.Hoeger@billy.biz
2025-10-19 00:08:47 - User: Nicholas Runolfsdottir V, Email: Sherwood@rosamond.me
2025-10-19 00:08:47 - User: Glenna Reichert, Email: Chaim_McDermott@dana.io
2025-10-19 00:08:47 - User: Clementina DuBuque, Email: Rey.Padberg@karina.biz
2025-10-19 00:09:36 - User: Leanne Graham, Email: Sincere@april.biz
2025-10-19 00:09:36 - User: Ervin Howell, Email: Shanna@melissa.tv
2025-10-19 00:09:36 - User: Clementine Bauch, Email: Nathan@yesenia.net
2025-10-19 00:09:36 - User: Patricia Lebsack, Email: Julianne.OConner@kory.org
2025-10-19 00:09:36 - User: Chelsey Dietrich, Email: Lucio_Hettinger@annie.ca
2025-10-19 00:09:36 - User: Mrs. Dennis Schulist, Email: Karley_Dach@jasper.info
2025-10-19 00:09:36 - User: Kurtis Weissnat, Email: Telly.Hoeger@billy.biz
2025-10-19 00:09:36 - User: Nicholas Runolfsdottir V, Email: Sherwood@rosamond.me
2025-10-19 00:09:36 - User: Glenna Reichert, Email: Chaim_McDermott@dana.io
2025-10-19 00:09:36 - User: Clementina DuBuque, Email: Rey.Padberg@karina.biz
2025-10-19 00:09:58 - User: Leanne Graham, Email: Sincere@april.biz
2025-10-19 00:09:58 - User: Ervin Howell, Email: Shanna@melissa.tv
2025-10-19 00:09:58 - User: Clementine Bauch, Email: Nathan@yesenia.net
2025-10-19 00:09:58 - User: Patricia Lebsack, Email: Julianne.OConner@kory.org
2025-10-19 00:09:58 - User: Chelsey Dietrich, Email: Lucio_Hettinger@annie.ca
2025-10-19 00:09:58 - User: Mrs. Dennis Schulist, Email: Karley_Dach@jasper.info
2025-10-19 00:09:58 - User: Kurtis Weissnat, Email: Telly.Hoeger@billy.biz
2025-10-19 00:09:58 - User: Nicholas Runolfsdottir V, Email: Sherwood@rosamond.me
2025-10-19 00:09:58 - User: Glenna Reichert, Email: Chaim_McDermott@dana.io
2025-10-19 00:09:58 - User: Clementina DuBuque, Email: Rey.Padberg@karina.biz
